<?xml version="1.0" encoding="UTF-8"?>
<testsuite xmlns:xsi="http://www.w3.org/2001/XMLSchema-instance" xsi:noNamespaceSchemaLocation="https://maven.apache.org/surefire/maven-surefire-plugin/xsd/surefire-test-report.xsd" name="TestSuite" time="564.622" tests="33" errors="0" skipped="25" failures="2">
  <properties>
[...]
</properties>
  <testcase name="test01_verifyNumberOfProducts" classname="sanity.SauceDemoWeb" time="3.375"/>
  <testcase name="test02_verifyPriceOfMostExpensiveItem" classname="sanity.SauceDemoWeb" time="12.265"/>
  <testcase name="test03_verifyTotalPrice" classname="sanity.SauceDemoWeb" time="0">
    <skipped message="Expected condition failed: waiting for visibility of Proxy element for: DefaultElementLocator &apos;By.cssSelector: div[Class=&apos;summary_info_label summary_total_label&apos;]&apos; (tried for 10 second(s) with 500 milliseconds interval)"/>
    <system-out><![CDATA[------------ Test: test02_verifyPriceOfMostExpensiveItem Passed ------------
Recorded Screen Cast File Stop Recording
Video file Deleted Successfully
https://www.saucedemo.com/inventory.html
Recorded Screen Cast File is Now Created
------------ Starting Test: test03_verifyTotalPrice ------------
Retrying test03_verifyTotalPrice Attempt #1
]]></system-out>
  </testcase>
  <testcase name="test03_verifyTotalPrice" classname="sanity.SauceDemoWeb" time="0">
    <skipped message="Expected condition failed: waiting for visibility of Proxy element for: DefaultElementLocator &apos;By.cssSelector: div[Class=&apos;summary_info_label summary_total_label&apos;]&apos; (tried for 10 second(s) with 500 milliseconds interval)"/>
    <system-out><![CDATA[------------ Skipping Test: test03_verifyTotalPrice ------------
https://www.saucedemo.com/checkout-step-two.html
Recorded Screen Cast File is Now Created
------------ Starting Test: test03_verifyTotalPrice ------------
Retrying test03_verifyTotalPrice Attempt #2
]]></system-out>
  </testcase>
  <testcase name="test03_verifyTotalPrice" classname="sanity.SauceDemoWeb" time="0">
    <skipped message="Expected condition failed: waiting for visibility of Proxy element for: DefaultElementLocator &apos;By.cssSelector: div[Class=&apos;summary_info_label summary_total_label&apos;]&apos; (tried for 10 second(s) with 500 milliseconds interval)"/>
    <system-out><![CDATA[------------ Skipping Test: test03_verifyTotalPrice ------------
https://www.saucedemo.com/checkout-step-two.html
Recorded Screen Cast File is Now Created
------------ Starting Test: test03_verifyTotalPrice ------------
Retrying test03_verifyTotalPrice Attempt #3
]]></system-out>
  </testcase>
  <testcase name="test03_verifyTotalPrice" classname="sanity.SauceDemoWeb" time="60.633">
    <failure message="Expected condition failed: waiting for visibility of Proxy element for: DefaultElementLocator &apos;By.cssSelector: div[Class=&apos;summary_info_label summary_total_label&apos;]&apos; (tried for 10 second(s) with 500 milliseconds interval)" type="org.openqa.selenium.TimeoutException">org.openqa.selenium.TimeoutException: Expected condition failed: waiting for visibility of Proxy element for: DefaultElementLocator 'By.cssSelector: div[Class='summary_info_label summary_total_label']' (tried for 10 second(s) with 500 milliseconds interval)
	at sanity.SauceDemoWeb.test03_verifyTotalPrice(SauceDemoWeb.java:42)
Caused by: org.openqa.selenium.NoSuchElementException: 
no such element: Unable to locate element: {"method":"css selector","selector":"div[Class='summary_info_label summary_total_label']"}
  (Session info: MicrosoftEdge=131.0.2903.99)
For documentation on this error, please visit: https://www.seleniumhq.org/exceptions/no_such_element.html
Build info: version: '3.141.59', revision: 'e82be7d358', time: '2018-11-14T08:17:03'
System info: host: 'DESKTOP-DHGB96Q', ip: '192.168.1.18', os.name: 'Windows 10', os.arch: 'amd64', os.version: '10.0', java.version: '11.0.19'
Driver info: org.openqa.selenium.edge.EdgeDriver
Capabilities {acceptInsecureCerts: false, browserName: MicrosoftEdge, browserVersion: 131.0.2903.99, fedcm:accounts: true, javascriptEnabled: true, ms:edgeOptions: {debuggerAddress: localhost:61035}, msedge: {msedgedriverVersion: 131.0.2903.112 (16ab910a6e7..., userDataDir: C:\Users\Yosi\AppData\Local...}, networkConnectionEnabled: false, pageLoadStrategy: normal, platform: WINDOWS, platformName: WINDOWS, proxy: Proxy(), setWindowRect: true, strictFileInteractability: false, timeouts: {implicit: 0, pageLoad: 300000, script: 30000}, unhandledPromptBehavior: dismiss and notify, webauthn:extension:credBlob: true, webauthn:extension:largeBlob: true, webauthn:extension:minPinLength: true, webauthn:extension:prf: true, webauthn:virtualAuthenticators: true}
Session ID: 516eecff500cbd2f924fb088e39aa4f4
*** Element info: {Using=css selector, value=div[Class='summary_info_label summary_total_label']}
	at sanity.SauceDemoWeb.test03_verifyTotalPrice(SauceDemoWeb.java:42)
</failure>
    <system-out><![CDATA[------------ Skipping Test: test03_verifyTotalPrice ------------
https://www.saucedemo.com/checkout-step-two.html
Recorded Screen Cast File is Now Created
------------ Starting Test: test03_verifyTotalPrice ------------
]]></system-out>
  </testcase>
  <testcase name="afterMethod" classname="sanity.SauceDemoWeb" time="72.16">
    <failure message="stale element reference: stale element not found in the current frame&#10;  (Session info: MicrosoftEdge=131.0.2903.99)&#10;For documentation on this error, please visit: https://www.seleniumhq.org/exceptions/stale_element_reference.html&#10;Build info: version: &apos;3.141.59&apos;, revision: &apos;e82be7d358&apos;, time: &apos;2018-11-14T08:17:03&apos;&#10;System info: host: &apos;DESKTOP-DHGB96Q&apos;, ip: &apos;192.168.1.18&apos;, os.name: &apos;Windows 10&apos;, os.arch: &apos;amd64&apos;, os.version: &apos;10.0&apos;, java.version: &apos;11.0.19&apos;&#10;Driver info: org.openqa.selenium.edge.EdgeDriver&#10;Capabilities {acceptInsecureCerts: false, browserName: MicrosoftEdge, browserVersion: 131.0.2903.99, fedcm:accounts: true, javascriptEnabled: true, ms:edgeOptions: {debuggerAddress: localhost:61035}, msedge: {msedgedriverVersion: 131.0.2903.112 (16ab910a6e7..., userDataDir: C:\Users\Yosi\AppData\Local...}, networkConnectionEnabled: false, pageLoadStrategy: normal, platform: WINDOWS, platformName: WINDOWS, proxy: Proxy(), setWindowRect: true, strictFileInteractability: false, timeouts: {implicit: 0, pageLoad: 300000, script: 30000}, unhandledPromptBehavior: dismiss and notify, webauthn:extension:credBlob: true, webauthn:extension:largeBlob: true, webauthn:extension:minPinLength: true, webauthn:extension:prf: true, webauthn:virtualAuthenticators: true}&#10;Session ID: 516eecff500cbd2f924fb088e39aa4f4" type="org.openqa.selenium.StaleElementReferenceException">org.openqa.selenium.StaleElementReferenceException: 
stale element reference: stale element not found in the current frame
  (Session info: MicrosoftEdge=131.0.2903.99)
For documentation on this error, please visit: https://www.seleniumhq.org/exceptions/stale_element_reference.html
Build info: version: '3.141.59', revision: 'e82be7d358', time: '2018-11-14T08:17:03'
System info: host: 'DESKTOP-DHGB96Q', ip: '192.168.1.18', os.name: 'Windows 10', os.arch: 'amd64', os.version: '10.0', java.version: '11.0.19'
Driver info: org.openqa.selenium.edge.EdgeDriver
Capabilities {acceptInsecureCerts: false, browserName: MicrosoftEdge, browserVersion: 131.0.2903.99, fedcm:accounts: true, javascriptEnabled: true, ms:edgeOptions: {debuggerAddress: localhost:61035}, msedge: {msedgedriverVersion: 131.0.2903.112 (16ab910a6e7..., userDataDir: C:\Users\Yosi\AppData\Local...}, networkConnectionEnabled: false, pageLoadStrategy: normal, platform: WINDOWS, platformName: WINDOWS, proxy: Proxy(), setWindowRect: true, strictFileInteractability: false, timeouts: {implicit: 0, pageLoad: 300000, script: 30000}, unhandledPromptBehavior: dismiss and notify, webauthn:extension:credBlob: true, webauthn:extension:largeBlob: true, webauthn:extension:minPinLength: true, webauthn:extension:prf: true, webauthn:virtualAuthenticators: true}
Session ID: 516eecff500cbd2f924fb088e39aa4f4
	at sanity.SauceDemoWeb.afterMethod(SauceDemoWeb.java:138)
</failure>
    <system-out><![CDATA[------------ Test: test03_verifyTotalPrice Failed ------------
Recorded Screen Cast File Stop Recording
Taking Screenshot...
https://www.saucedemo.com/checkout-step-two.html
]]></system-out>
  </testcase>
  <testcase name="afterMethod" classname="sanity.SauceDemoWeb" time="0">
    <skipped/>
    <system-out><![CDATA[------------ Skipping Test: test04_verifyAddedProductsNumber ------------
]]></system-out>
  </testcase>
  <testcase name="afterMethod" classname="sanity.SauceDemoWeb" time="0">
    <skipped/>
    <system-out><![CDATA[------------ Skipping Test: test05_verifySocialButtonAreVisible ------------
]]></system-out>
  </testcase>
  <testcase name="afterMethod" classname="sanity.SauceDemoWeb" time="0">
    <skipped/>
    <system-out><![CDATA[------------ Skipping Test: test06_verifyRemovalAllProducts ------------
]]></system-out>
  </testcase>
  <testcase name="afterMethod" classname="sanity.SauceDemoWeb" time="0">
    <skipped/>
    <system-out><![CDATA[------------ Skipping Test: test07_verifyAddedProductsNumber ------------
]]></system-out>
  </testcase>
  <testcase name="afterMethod" classname="sanity.SauceDemoWeb" time="0">
    <skipped/>
    <system-out><![CDATA[------------ Skipping Test: test09_verifyTotalPriceDB ------------
]]></system-out>
  </testcase>
  <testcase name="afterMethod" classname="sanity.SauceDemoWeb" time="0">
    <skipped/>
    <system-out><![CDATA[------------ Skipping Test: test10_verifySocialButtonNames ------------
]]></system-out>
  </testcase>
  <testcase name="afterMethod" classname="sanity.SauceDemoWeb" time="0">
    <skipped/>
    <system-out><![CDATA[------------ Skipping Test: test8_verifyCartIcon ------------
]]></system-out>
  </testcase>
  <testcase name="beforeMethod" classname="sanity.SauceDemoWeb" time="0">
    <skipped/>
  </testcase>
  <testcase name="beforeMethod" classname="sanity.SauceDemoWeb" time="0">
    <skipped/>
  </testcase>
  <testcase name="beforeMethod" classname="sanity.SauceDemoWeb" time="0">
    <skipped/>
  </testcase>
  <testcase name="beforeMethod" classname="sanity.SauceDemoWeb" time="0">
    <skipped/>
  </testcase>
  <testcase name="beforeMethod" classname="sanity.SauceDemoWeb" time="0">
    <skipped/>
  </testcase>
  <testcase name="beforeMethod" classname="sanity.SauceDemoWeb" time="0">
    <skipped/>
  </testcase>
  <testcase name="beforeMethod" classname="sanity.SauceDemoWeb" time="0">
    <skipped/>
  </testcase>
  <testcase name="test04_verifyAddedProductsNumber" classname="sanity.SauceDemoWeb" time="0">
    <skipped message="stale element reference: stale element not found in the current frame&#10;  (Session info: MicrosoftEdge=131.0.2903.99)&#10;For documentation on this error, please visit: https://www.seleniumhq.org/exceptions/stale_element_reference.html&#10;Build info: version: &apos;3.141.59&apos;, revision: &apos;e82be7d358&apos;, time: &apos;2018-11-14T08:17:03&apos;&#10;System info: host: &apos;DESKTOP-DHGB96Q&apos;, ip: &apos;192.168.1.18&apos;, os.name: &apos;Windows 10&apos;, os.arch: &apos;amd64&apos;, os.version: &apos;10.0&apos;, java.version: &apos;11.0.19&apos;&#10;Driver info: org.openqa.selenium.edge.EdgeDriver&#10;Capabilities {acceptInsecureCerts: false, browserName: MicrosoftEdge, browserVersion: 131.0.2903.99, fedcm:accounts: true, javascriptEnabled: true, ms:edgeOptions: {debuggerAddress: localhost:61035}, msedge: {msedgedriverVersion: 131.0.2903.112 (16ab910a6e7..., userDataDir: C:\Users\Yosi\AppData\Local...}, networkConnectionEnabled: false, pageLoadStrategy: normal, platform: WINDOWS, platformName: WINDOWS, proxy: Proxy(), setWindowRect: true, strictFileInteractability: false, timeouts: {implicit: 0, pageLoad: 300000, script: 30000}, unhandledPromptBehavior: dismiss and notify, webauthn:extension:credBlob: true, webauthn:extension:largeBlob: true, webauthn:extension:minPinLength: true, webauthn:extension:prf: true, webauthn:virtualAuthenticators: true}&#10;Session ID: 516eecff500cbd2f924fb088e39aa4f4"/>
    <system-out><![CDATA[------------ Starting Test: test04_verifyAddedProductsNumber ------------
]]></system-out>
  </testcase>
  <testcase name="test05_verifySocialButtonAreVisible" classname="sanity.SauceDemoWeb" time="0">
    <skipped message="stale element reference: stale element not found in the current frame&#10;  (Session info: MicrosoftEdge=131.0.2903.99)&#10;For documentation on this error, please visit: https://www.seleniumhq.org/exceptions/stale_element_reference.html&#10;Build info: version: &apos;3.141.59&apos;, revision: &apos;e82be7d358&apos;, time: &apos;2018-11-14T08:17:03&apos;&#10;System info: host: &apos;DESKTOP-DHGB96Q&apos;, ip: &apos;192.168.1.18&apos;, os.name: &apos;Windows 10&apos;, os.arch: &apos;amd64&apos;, os.version: &apos;10.0&apos;, java.version: &apos;11.0.19&apos;&#10;Driver info: org.openqa.selenium.edge.EdgeDriver&#10;Capabilities {acceptInsecureCerts: false, browserName: MicrosoftEdge, browserVersion: 131.0.2903.99, fedcm:accounts: true, javascriptEnabled: true, ms:edgeOptions: {debuggerAddress: localhost:61035}, msedge: {msedgedriverVersion: 131.0.2903.112 (16ab910a6e7..., userDataDir: C:\Users\Yosi\AppData\Local...}, networkConnectionEnabled: false, pageLoadStrategy: normal, platform: WINDOWS, platformName: WINDOWS, proxy: Proxy(), setWindowRect: true, strictFileInteractability: false, timeouts: {implicit: 0, pageLoad: 300000, script: 30000}, unhandledPromptBehavior: dismiss and notify, webauthn:extension:credBlob: true, webauthn:extension:largeBlob: true, webauthn:extension:minPinLength: true, webauthn:extension:prf: true, webauthn:virtualAuthenticators: true}&#10;Session ID: 516eecff500cbd2f924fb088e39aa4f4"/>
    <system-out><![CDATA[------------ Starting Test: test05_verifySocialButtonAreVisible ------------
]]></system-out>
  </testcase>
  <testcase name="test06_verifyRemovalAllProducts" classname="sanity.SauceDemoWeb" time="0">
    <skipped message="stale element reference: stale element not found in the current frame&#10;  (Session info: MicrosoftEdge=131.0.2903.99)&#10;For documentation on this error, please visit: https://www.seleniumhq.org/exceptions/stale_element_reference.html&#10;Build info: version: &apos;3.141.59&apos;, revision: &apos;e82be7d358&apos;, time: &apos;2018-11-14T08:17:03&apos;&#10;System info: host: &apos;DESKTOP-DHGB96Q&apos;, ip: &apos;192.168.1.18&apos;, os.name: &apos;Windows 10&apos;, os.arch: &apos;amd64&apos;, os.version: &apos;10.0&apos;, java.version: &apos;11.0.19&apos;&#10;Driver info: org.openqa.selenium.edge.EdgeDriver&#10;Capabilities {acceptInsecureCerts: false, browserName: MicrosoftEdge, browserVersion: 131.0.2903.99, fedcm:accounts: true, javascriptEnabled: true, ms:edgeOptions: {debuggerAddress: localhost:61035}, msedge: {msedgedriverVersion: 131.0.2903.112 (16ab910a6e7..., userDataDir: C:\Users\Yosi\AppData\Local...}, networkConnectionEnabled: false, pageLoadStrategy: normal, platform: WINDOWS, platformName: WINDOWS, proxy: Proxy(), setWindowRect: true, strictFileInteractability: false, timeouts: {implicit: 0, pageLoad: 300000, script: 30000}, unhandledPromptBehavior: dismiss and notify, webauthn:extension:credBlob: true, webauthn:extension:largeBlob: true, webauthn:extension:minPinLength: true, webauthn:extension:prf: true, webauthn:virtualAuthenticators: true}&#10;Session ID: 516eecff500cbd2f924fb088e39aa4f4"/>
    <system-out><![CDATA[------------ Starting Test: test06_verifyRemovalAllProducts ------------
]]></system-out>
  </testcase>
  <testcase name="test07_verifyAddedProductsNumber" classname="sanity.SauceDemoWeb" time="0">
    <skipped message="stale element reference: stale element not found in the current frame&#10;  (Session info: MicrosoftEdge=131.0.2903.99)&#10;For documentation on this error, please visit: https://www.seleniumhq.org/exceptions/stale_element_reference.html&#10;Build info: version: &apos;3.141.59&apos;, revision: &apos;e82be7d358&apos;, time: &apos;2018-11-14T08:17:03&apos;&#10;System info: host: &apos;DESKTOP-DHGB96Q&apos;, ip: &apos;192.168.1.18&apos;, os.name: &apos;Windows 10&apos;, os.arch: &apos;amd64&apos;, os.version: &apos;10.0&apos;, java.version: &apos;11.0.19&apos;&#10;Driver info: org.openqa.selenium.edge.EdgeDriver&#10;Capabilities {acceptInsecureCerts: false, browserName: MicrosoftEdge, browserVersion: 131.0.2903.99, fedcm:accounts: true, javascriptEnabled: true, ms:edgeOptions: {debuggerAddress: localhost:61035}, msedge: {msedgedriverVersion: 131.0.2903.112 (16ab910a6e7..., userDataDir: C:\Users\Yosi\AppData\Local...}, networkConnectionEnabled: false, pageLoadStrategy: normal, platform: WINDOWS, platformName: WINDOWS, proxy: Proxy(), setWindowRect: true, strictFileInteractability: false, timeouts: {implicit: 0, pageLoad: 300000, script: 30000}, unhandledPromptBehavior: dismiss and notify, webauthn:extension:credBlob: true, webauthn:extension:largeBlob: true, webauthn:extension:minPinLength: true, webauthn:extension:prf: true, webauthn:virtualAuthenticators: true}&#10;Session ID: 516eecff500cbd2f924fb088e39aa4f4"/>
    <system-out><![CDATA[------------ Starting Test: test07_verifyAddedProductsNumber ------------
]]></system-out>
  </testcase>
  <testcase name="test09_verifyTotalPriceDB" classname="sanity.SauceDemoWeb" time="0">
    <skipped message="stale element reference: stale element not found in the current frame&#10;  (Session info: MicrosoftEdge=131.0.2903.99)&#10;For documentation on this error, please visit: https://www.seleniumhq.org/exceptions/stale_element_reference.html&#10;Build info: version: &apos;3.141.59&apos;, revision: &apos;e82be7d358&apos;, time: &apos;2018-11-14T08:17:03&apos;&#10;System info: host: &apos;DESKTOP-DHGB96Q&apos;, ip: &apos;192.168.1.18&apos;, os.name: &apos;Windows 10&apos;, os.arch: &apos;amd64&apos;, os.version: &apos;10.0&apos;, java.version: &apos;11.0.19&apos;&#10;Driver info: org.openqa.selenium.edge.EdgeDriver&#10;Capabilities {acceptInsecureCerts: false, browserName: MicrosoftEdge, browserVersion: 131.0.2903.99, fedcm:accounts: true, javascriptEnabled: true, ms:edgeOptions: {debuggerAddress: localhost:61035}, msedge: {msedgedriverVersion: 131.0.2903.112 (16ab910a6e7..., userDataDir: C:\Users\Yosi\AppData\Local...}, networkConnectionEnabled: false, pageLoadStrategy: normal, platform: WINDOWS, platformName: WINDOWS, proxy: Proxy(), setWindowRect: true, strictFileInteractability: false, timeouts: {implicit: 0, pageLoad: 300000, script: 30000}, unhandledPromptBehavior: dismiss and notify, webauthn:extension:credBlob: true, webauthn:extension:largeBlob: true, webauthn:extension:minPinLength: true, webauthn:extension:prf: true, webauthn:virtualAuthenticators: true}&#10;Session ID: 516eecff500cbd2f924fb088e39aa4f4"/>
    <system-out><![CDATA[------------ Starting Test: test09_verifyTotalPriceDB ------------
]]></system-out>
  </testcase>
  <testcase name="test10_verifySocialButtonNames" classname="sanity.SauceDemoWeb" time="0">
    <skipped message="stale element reference: stale element not found in the current frame&#10;  (Session info: MicrosoftEdge=131.0.2903.99)&#10;For documentation on this error, please visit: https://www.seleniumhq.org/exceptions/stale_element_reference.html&#10;Build info: version: &apos;3.141.59&apos;, revision: &apos;e82be7d358&apos;, time: &apos;2018-11-14T08:17:03&apos;&#10;System info: host: &apos;DESKTOP-DHGB96Q&apos;, ip: &apos;192.168.1.18&apos;, os.name: &apos;Windows 10&apos;, os.arch: &apos;amd64&apos;, os.version: &apos;10.0&apos;, java.version: &apos;11.0.19&apos;&#10;Driver info: org.openqa.selenium.edge.EdgeDriver&#10;Capabilities {acceptInsecureCerts: false, browserName: MicrosoftEdge, browserVersion: 131.0.2903.99, fedcm:accounts: true, javascriptEnabled: true, ms:edgeOptions: {debuggerAddress: localhost:61035}, msedge: {msedgedriverVersion: 131.0.2903.112 (16ab910a6e7..., userDataDir: C:\Users\Yosi\AppData\Local...}, networkConnectionEnabled: false, pageLoadStrategy: normal, platform: WINDOWS, platformName: WINDOWS, proxy: Proxy(), setWindowRect: true, strictFileInteractability: false, timeouts: {implicit: 0, pageLoad: 300000, script: 30000}, unhandledPromptBehavior: dismiss and notify, webauthn:extension:credBlob: true, webauthn:extension:largeBlob: true, webauthn:extension:minPinLength: true, webauthn:extension:prf: true, webauthn:virtualAuthenticators: true}&#10;Session ID: 516eecff500cbd2f924fb088e39aa4f4"/>
    <system-out><![CDATA[------------ Starting Test: test10_verifySocialButtonNames ------------
]]></system-out>
  </testcase>
  <testcase name="test8_verifyCartIcon" classname="sanity.SauceDemoWeb" time="0">
    <skipped message="stale element reference: stale element not found in the current frame&#10;  (Session info: MicrosoftEdge=131.0.2903.99)&#10;For documentation on this error, please visit: https://www.seleniumhq.org/exceptions/stale_element_reference.html&#10;Build info: version: &apos;3.141.59&apos;, revision: &apos;e82be7d358&apos;, time: &apos;2018-11-14T08:17:03&apos;&#10;System info: host: &apos;DESKTOP-DHGB96Q&apos;, ip: &apos;192.168.1.18&apos;, os.name: &apos;Windows 10&apos;, os.arch: &apos;amd64&apos;, os.version: &apos;10.0&apos;, java.version: &apos;11.0.19&apos;&#10;Driver info: org.openqa.selenium.edge.EdgeDriver&#10;Capabilities {acceptInsecureCerts: false, browserName: MicrosoftEdge, browserVersion: 131.0.2903.99, fedcm:accounts: true, javascriptEnabled: true, ms:edgeOptions: {debuggerAddress: localhost:61035}, msedge: {msedgedriverVersion: 131.0.2903.112 (16ab910a6e7..., userDataDir: C:\Users\Yosi\AppData\Local...}, networkConnectionEnabled: false, pageLoadStrategy: normal, platform: WINDOWS, platformName: WINDOWS, proxy: Proxy(), setWindowRect: true, strictFileInteractability: false, timeouts: {implicit: 0, pageLoad: 300000, script: 30000}, unhandledPromptBehavior: dismiss and notify, webauthn:extension:credBlob: true, webauthn:extension:largeBlob: true, webauthn:extension:minPinLength: true, webauthn:extension:prf: true, webauthn:virtualAuthenticators: true}&#10;Session ID: 516eecff500cbd2f924fb088e39aa4f4"/>
    <system-out><![CDATA[------------ Starting Test: test8_verifyCartIcon ------------
]]></system-out>
  </testcase>
  <testcase name="closeSession" classname="sanity.SauceDemoWeb" time="0">
    <skipped/>
  </testcase>
  <testcase name="test9_verifyLogInErrors" classname="sanity.SauceDemoWebTestLogin" time="15.836"/>
  <testcase name="test9_verifyLogInErrors" classname="sanity.SauceDemoWebTestLogin" time="3.244"/>
  <testcase name="test9_verifyLogInErrors" classname="sanity.SauceDemoWebTestLogin" time="2.83"/>
  <testcase name="test9_verifyLogInErrors" classname="sanity.SauceDemoWebTestLogin" time="10.732"/>
</testsuite>