<?xml version="1.0" encoding="UTF-8"?>
<!-- Generated by org.testng.reporters.JUnitXMLReporter -->
<testsuite hostname="DESKTOP-DHGB96Q" ignored="0" name="electron Tests" tests="3" failures="0" timestamp="2023-10-05T13:30:30 IDT" time="62.479" errors="0">
  <testcase name="test01_addAndVerifyNewTask" time="1.52" classname="sanity.Todo"/>
  <testcase name="test02_deleteTask" time="11.041" classname="sanity.Todo"/>
  <testcase name="test03_addAndVerifyTasks" time="1.873" classname="sanity.Todo"/>
</testsuite> <!-- electron Tests -->
