<?xml version="1.0" encoding="UTF-8"?>
<!-- Generated by org.testng.reporters.JUnitXMLReporter -->
<testsuite hostname="DESKTOP-DHGB96Q" ignored="0" name="electron Tests" tests="3" failures="0" timestamp="2023-10-04T11:18:33 IDT" time="75.302" errors="0">
  <testcase name="test01_addAndVerifyNewTask" time="3.907" classname="sanity.Todo"/>
  <testcase name="test02_deleteTask" time="10.871" classname="sanity.Todo"/>
  <testcase name="test03_addAndVerifyTasks" time="4.48" classname="sanity.Todo"/>
</testsuite> <!-- electron Tests -->
