<?xml version="1.0" encoding="UTF-8"?>
<!-- Generated by org.testng.reporters.JUnitXMLReporter -->
<testsuite hostname="DESKTOP-DHGB96Q" ignored="0" name="Api Tests" tests="4" failures="0" timestamp="2023-10-05T13:31:06 IDT" time="20.961" errors="0">
  <testcase name="test01_verify_Student" time="7.067" classname="sanity.StudentListsAPI"/>
  <testcase name="test02_AddStudentAndVerify" time="0.796" classname="sanity.StudentListsAPI"/>
  <testcase name="test03_updateStudentAndVerify" time="0.487" classname="sanity.StudentListsAPI"/>
  <testcase name="test04_deleteStudentAndVerify" time="0.21" classname="sanity.StudentListsAPI"/>
</testsuite> <!-- Api Tests -->
