<?xml version="1.0" encoding="UTF-8"?>
<!-- Generated by org.testng.reporters.JUnitXMLReporter -->
<testsuite hostname="DESKTOP-DHGB96Q" ignored="0" name="Api Tests" tests="4" failures="0" timestamp="2023-10-04T11:15:40 IDT" time="40.607" errors="0">
  <testcase name="test01_verify_Student" time="12.693" classname="sanity.StudentListsAPI"/>
  <testcase name="test02_AddStudentAndVerify" time="1.415" classname="sanity.StudentListsAPI"/>
  <testcase name="test03_updateStudentAndVerify" time="0.918" classname="sanity.StudentListsAPI"/>
  <testcase name="test04_deleteStudentAndVerify" time="0.325" classname="sanity.StudentListsAPI"/>
</testsuite> <!-- Api Tests -->
