<?xml version="1.0" encoding="UTF-8"?>
<!-- Generated by org.testng.reporters.JUnitXMLReporter -->
<testsuite hostname="DESKTOP-DHGB96Q" ignored="0" name="desktop Tests" tests="3" failures="0" timestamp="2023-09-17T12:55:00 IDT" time="53.029" errors="0">
  <testcase name="test01_verifyAddTwoNumbers" time="15.29" classname="sanity.Calculator"/>
  <testcase name="test02_verifyMultiplyTwoNumbers" time="9.563" classname="sanity.Calculator"/>
  <testcase name="test03_verifyDivisionByZero" time="9.179" classname="sanity.Calculator"/>
</testsuite> <!-- desktop Tests -->
