<?xml version="1.0" encoding="UTF-8"?>
<!-- Generated by org.testng.reporters.JUnitXMLReporter -->
<testsuite hostname="DESKTOP-DHGB96Q" ignored="0" name="desktop Tests" tests="3" failures="0" timestamp="2023-10-05T10:02:41 IDT" time="50.035" errors="0">
  <testcase name="test01_verifyAddTwoNumbers" time="9.033" classname="sanity.Calculator"/>
  <testcase name="test02_verifyMultiplyTwoNumbers" time="7.148" classname="sanity.Calculator"/>
  <testcase name="test03_verifyDivisionByZero" time="7.376" classname="sanity.Calculator"/>
</testsuite> <!-- desktop Tests -->
